0 info it worked if it ends with ok
1 verbose cli [ '/home/duke/.nvm/versions/io.js/v1.7.1/bin/iojs',
1 verbose cli   '/home/duke/.nvm/versions/io.js/v1.7.1/bin/npm',
1 verbose cli   'run',
1 verbose cli   'deploy' ]
2 info using npm@2.7.6
3 info using node@v1.7.1
4 verbose run-script [ 'predeploy', 'deploy', 'postdeploy' ]
5 info predeploy go-workers-ui@1.0.0
6 info deploy go-workers-ui@1.0.0
7 verbose unsafe-perm in lifecycle true
8 info go-workers-ui@1.0.0 Failed to exec deploy script
9 verbose stack Error: go-workers-ui@1.0.0 deploy: `rm -Rf dist && broccoli build dist && gh-pages-deploy`
9 verbose stack Exit status 1
9 verbose stack     at EventEmitter.<anonymous> (/home/duke/.nvm/versions/io.js/v1.7.1/lib/node_modules/npm/lib/utils/lifecycle.js:213:16)
9 verbose stack     at emitTwo (events.js:87:13)
9 verbose stack     at EventEmitter.emit (events.js:169:7)
9 verbose stack     at ChildProcess.<anonymous> (/home/duke/.nvm/versions/io.js/v1.7.1/lib/node_modules/npm/lib/utils/spawn.js:14:12)
9 verbose stack     at emitTwo (events.js:87:13)
9 verbose stack     at ChildProcess.emit (events.js:169:7)
9 verbose stack     at maybeClose (child_process.js:953:16)
9 verbose stack     at Process.ChildProcess._handle.onexit (child_process.js:1022:5)
10 verbose pkgid go-workers-ui@1.0.0
11 verbose cwd /home/duke/src/go-workers-ui
12 error Linux 3.19.0-15-generic
13 error argv "/home/duke/.nvm/versions/io.js/v1.7.1/bin/iojs" "/home/duke/.nvm/versions/io.js/v1.7.1/bin/npm" "run" "deploy"
14 error node v1.7.1
15 error npm  v2.7.6
16 error code ELIFECYCLE
17 error go-workers-ui@1.0.0 deploy: `rm -Rf dist && broccoli build dist && gh-pages-deploy`
17 error Exit status 1
18 error Failed at the go-workers-ui@1.0.0 deploy script 'rm -Rf dist && broccoli build dist && gh-pages-deploy'.
18 error This is most likely a problem with the go-workers-ui package,
18 error not with npm itself.
18 error Tell the author that this fails on your system:
18 error     rm -Rf dist && broccoli build dist && gh-pages-deploy
18 error You can get their info via:
18 error     npm owner ls go-workers-ui
18 error There is likely additional logging output above.
19 verbose exit [ 1, true ]
